<?xml version="1.0" encoding="UTF-8"?>
<testsuite xmlns:xsi="http://www.w3.org/2001/XMLSchema-instance" xsi:noNamespaceSchemaLocation="https://maven.apache.org/surefire/maven-surefire-plugin/xsd/surefire-test-report.xsd" name="org.tokopedia.training.AppTest" time="0.037" tests="11" errors="0" skipped="0" failures="0">
  <properties>
[...]
</properties>
  <testcase name="assertOrderPriceExceedQty" classname="org.tokopedia.training.AppTest" time="0.006"/>
  <testcase name="assertNewMemberFee" classname="org.tokopedia.training.AppTest" time="0"/>
  <testcase name="assertQuantityDynamicEveryDay" classname="org.tokopedia.training.AppTest" time="0.001"/>
  <testcase name="assertPaymentCreditCard" classname="org.tokopedia.training.AppTest" time="0"/>
  <testcase name="assertGetTotalPrice" classname="org.tokopedia.training.AppTest" time="0.001"/>
  <testcase name="assertPriceDynamicEveryDay" classname="org.tokopedia.training.AppTest" time="0"/>
  <testcase name="assertOtherPayment" classname="org.tokopedia.training.AppTest" time="0"/>
  <testcase name="assertPaymentMoreThan100" classname="org.tokopedia.training.AppTest" time="0"/>
  <testcase name="assertExistingMemberFee" classname="org.tokopedia.training.AppTest" time="0"/>
  <testcase name="assertNewMemberDiscount" classname="org.tokopedia.training.AppTest" time="0"/>
  <testcase name="assertExistingMemberDiscount" classname="org.tokopedia.training.AppTest" time="0.001"/>
</testsuite>